
===============Init Logging================

13/12/2014 - 13:54:21 	===== Ouverture de session =====
13/12/2014 - 13:56:27 	Début du calcul
13/12/2014 - 13:56:27 	Nombre de positions : 1000
13/12/2014 - 13:56:27 	Simulation inactivée
13/12/2014 - 13:56:27 	Lecture des conditions initiales
13/12/2014 - 13:56:41 	Fin du calcul
13/12/2014 - 14:04:44 	===== Fermeture de session =====

===============Finish Logging================


===============Init Logging================

15/12/2014 - 21:12:59 	===== Ouverture de session =====
15/12/2014 - 21:18:52 	Début du calcul
15/12/2014 - 21:18:52 	Nombre de positions : 1000
15/12/2014 - 21:18:52 	Simulation inactivée
15/12/2014 - 21:18:52 	Lecture des conditions initiales
15/12/2014 - 21:19:06 	Fin du calcul
15/12/2014 - 21:24:00 	Début du calcul
15/12/2014 - 21:24:00 	Nombre de positions : 1000
15/12/2014 - 21:24:00 	Simulation inactivée
15/12/2014 - 21:24:00 	Lecture des conditions initiales
15/12/2014 - 21:24:11 	Fin du calcul
15/12/2014 - 21:25:42 	Début du calcul
15/12/2014 - 21:25:42 	Nombre de positions : 1000
15/12/2014 - 21:25:42 	Simulation inactivée
15/12/2014 - 21:25:42 	Lecture des conditions initiales
15/12/2014 - 21:25:56 	Fin du calcul
15/12/2014 - 21:36:01 	===== Fermeture de session =====

===============Finish Logging================


===============Init Logging================

22/01/2015 - 14:13:40 	===== Ouverture de session =====
22/01/2015 - 14:14:29 	Début du calcul
22/01/2015 - 14:14:29 	Nombre de positions : 1000
22/01/2015 - 14:14:29 	Simulation inactivée
22/01/2015 - 14:14:29 	Lecture des conditions initiales
22/01/2015 - 14:14:56 	Fin du calcul
22/01/2015 - 14:18:29 	===== Fermeture de session =====

===============Finish Logging================


===============Init Logging================

07/02/2015 - 09:14:00 	===== Ouverture de session =====
07/02/2015 - 09:16:57 	Début du calcul
07/02/2015 - 09:16:57 	Nombre de positions : 1000
07/02/2015 - 09:16:57 	Simulation inactivée
07/02/2015 - 09:16:57 	Lecture des conditions initiales
07/02/2015 - 09:17:14 	Fin du calcul
07/02/2015 - 09:36:33 	===== Fermeture de session =====

===============Finish Logging================


===============Init Logging================

10/03/2019 - 11:50:23 	===== Ouverture de session =====
10/03/2019 - 11:52:21 	Début du calcul
10/03/2019 - 11:52:21 	Nombre de positions : 1000
10/03/2019 - 11:52:21 	Simulation inactivée
10/03/2019 - 11:52:27 	Fin du calcul
10/03/2019 - 11:53:41 	===== Fermeture de session =====

===============Finish Logging================


===============Init Logging================

24/03/2019 - 11:02:22 	===== Ouverture de session =====
24/03/2019 - 11:07:10 	Début du calcul
24/03/2019 - 11:07:10 	Nombre de positions : 1000
24/03/2019 - 11:07:10 	Simulation inactivée
24/03/2019 - 11:07:19 	Fin du calcul
24/03/2019 - 11:14:15 	Début du calcul
24/03/2019 - 11:14:15 	Nombre de positions : 1000
24/03/2019 - 11:14:15 	Simulation inactivée
24/03/2019 - 11:14:21 	Fin du calcul
24/03/2019 - 11:15:01 	===== Fermeture de session =====

===============Finish Logging================


===============Init Logging================

31/03/2019 - 12:31:38 	===== Ouverture de session =====
31/03/2019 - 12:33:35 	Début du calcul
31/03/2019 - 12:33:35 	Nombre de positions : 1000
31/03/2019 - 12:33:35 	Simulation inactivée
31/03/2019 - 12:33:40 	Fin du calcul
31/03/2019 - 12:36:23 	===== Fermeture de session =====

===============Finish Logging================


===============Init Logging================

31/03/2019 - 12:36:34 	===== Ouverture de session =====
31/03/2019 - 12:38:50 	Début du calcul
31/03/2019 - 12:38:50 	Nombre de positions : 1000
31/03/2019 - 12:38:50 	Simulation inactivée
31/03/2019 - 12:38:55 	Fin du calcul
31/03/2019 - 12:39:48 	Début du calcul
31/03/2019 - 12:39:48 	Nombre de positions : 1000
31/03/2019 - 12:39:48 	Simulation inactivée
31/03/2019 - 12:39:54 	Fin du calcul
31/03/2019 - 12:41:52 	Début du calcul
31/03/2019 - 12:41:52 	Nombre de positions : 1000
31/03/2019 - 12:41:52 	Simulation inactivée
31/03/2019 - 12:41:57 	Fin du calcul
31/03/2019 - 12:42:54 	Début du calcul
31/03/2019 - 12:42:54 	Nombre de positions : 1000
31/03/2019 - 12:42:54 	Simulation inactivée
31/03/2019 - 12:42:58 	Fin du calcul
31/03/2019 - 12:43:00 	Début du calcul
31/03/2019 - 12:43:00 	Nombre de positions : 1000
31/03/2019 - 12:43:00 	Simulation inactivée
31/03/2019 - 12:43:06 	Fin du calcul
31/03/2019 - 12:43:25 	===== Fermeture de session =====

===============Finish Logging================


===============Init Logging================

31/03/2019 - 12:43:37 	===== Ouverture de session =====
31/03/2019 - 16:55:43 	Début du calcul
31/03/2019 - 16:55:43 	Nombre de positions : 1000
31/03/2019 - 16:55:43 	Simulation inactivée
31/03/2019 - 16:55:49 	Fin du calcul
31/03/2019 - 16:59:38 	Début du calcul
31/03/2019 - 16:59:38 	Nombre de positions : 1000
31/03/2019 - 16:59:38 	Simulation inactivée
31/03/2019 - 16:59:46 	Fin du calcul
31/03/2019 - 17:00:52 	===== Fermeture de session =====

===============Finish Logging================


===============Init Logging================

04/02/2020 - 08:41:36 	===== Ouverture de session =====
04/02/2020 - 08:42:35 	Début du calcul
04/02/2020 - 08:42:35 	Nombre de positions : 1000
04/02/2020 - 08:42:35 	Simulation inactivée

===============Init Logging================

05/02/2020 - 13:43:52 	===== Ouverture de session =====
05/02/2020 - 14:02:21 	Début du calcul
05/02/2020 - 14:02:21 	Nombre de positions : 1000
05/02/2020 - 14:02:21 	Simulation inactivée
05/02/2020 - 14:02:23 	Fin du calcul
05/02/2020 - 14:28:35 	===== Fermeture de session =====

===============Finish Logging================

